[22-Dec-2016 13:44:28 UTC] PHP Fatal error:  SQLSTATE[28000] [1045] Access denied for user 'TODO'@'localhost' (using password: YES) in /home/ubuntu/workspace/pset8/vendor/library50-php-5/CS50/CS50.php on line 313
[23-Dec-2016 13:48:02 UTC] PHP Fatal error:  Class 'CS50' not found in /home/ubuntu/workspace/pset8/bin/import on line 12
[23-Dec-2016 13:49:28 UTC] PHP Notice:  Undefined offset: 1 in /home/ubuntu/workspace/pset8/bin/import on line 16
[23-Dec-2016 13:49:28 UTC] PHP Notice:  Undefined offset: 2 in /home/ubuntu/workspace/pset8/bin/import on line 16
[23-Dec-2016 13:49:28 UTC] PHP Notice:  Undefined offset: 3 in /home/ubuntu/workspace/pset8/bin/import on line 16
[23-Dec-2016 13:49:28 UTC] PHP Notice:  Undefined offset: 4 in /home/ubuntu/workspace/pset8/bin/import on line 16
[23-Dec-2016 13:49:28 UTC] PHP Notice:  Undefined offset: 5 in /home/ubuntu/workspace/pset8/bin/import on line 16
[23-Dec-2016 13:49:28 UTC] PHP Notice:  Undefined offset: 6 in /home/ubuntu/workspace/pset8/bin/import on line 16
[23-Dec-2016 13:49:28 UTC] PHP Notice:  Undefined offset: 7 in /home/ubuntu/workspace/pset8/bin/import on line 16
[23-Dec-2016 13:49:28 UTC] PHP Notice:  Undefined offset: 8 in /home/ubuntu/workspace/pset8/bin/import on line 16
[23-Dec-2016 13:49:28 UTC] PHP Notice:  Undefined offset: 9 in /home/ubuntu/workspace/pset8/bin/import on line 16
[23-Dec-2016 13:49:28 UTC] PHP Notice:  Undefined offset: 10 in /home/ubuntu/workspace/pset8/bin/import on line 16
[23-Dec-2016 13:49:28 UTC] PHP Notice:  Undefined offset: 11 in /home/ubuntu/workspace/pset8/bin/import on line 16
[23-Dec-2016 13:49:28 UTC] PHP Notice:  Undefined offset: 12 in /home/ubuntu/workspace/pset8/bin/import on line 16
[23-Dec-2016 13:49:28 UTC] PHP Fatal error:  Too few placeholders in query in /home/ubuntu/workspace/pset8/vendor/library50-php-5/CS50/CS50.php on line 331
[23-Dec-2016 13:51:15 UTC] PHP Notice:  Undefined offset: 1 in /home/ubuntu/workspace/pset8/bin/import on line 18
[23-Dec-2016 13:51:15 UTC] PHP Notice:  Undefined offset: 2 in /home/ubuntu/workspace/pset8/bin/import on line 18
[23-Dec-2016 13:51:15 UTC] PHP Notice:  Undefined offset: 3 in /home/ubuntu/workspace/pset8/bin/import on line 18
[23-Dec-2016 13:51:15 UTC] PHP Notice:  Undefined offset: 4 in /home/ubuntu/workspace/pset8/bin/import on line 18
[23-Dec-2016 13:51:15 UTC] PHP Notice:  Undefined offset: 5 in /home/ubuntu/workspace/pset8/bin/import on line 18
[23-Dec-2016 13:51:15 UTC] PHP Notice:  Undefined offset: 6 in /home/ubuntu/workspace/pset8/bin/import on line 18
[23-Dec-2016 13:51:15 UTC] PHP Notice:  Undefined offset: 7 in /home/ubuntu/workspace/pset8/bin/import on line 18
[23-Dec-2016 13:51:15 UTC] PHP Notice:  Undefined offset: 8 in /home/ubuntu/workspace/pset8/bin/import on line 18
[23-Dec-2016 13:51:15 UTC] PHP Notice:  Undefined offset: 9 in /home/ubuntu/workspace/pset8/bin/import on line 18
[23-Dec-2016 13:51:15 UTC] PHP Notice:  Undefined offset: 10 in /home/ubuntu/workspace/pset8/bin/import on line 18
[23-Dec-2016 13:51:15 UTC] PHP Notice:  Undefined offset: 11 in /home/ubuntu/workspace/pset8/bin/import on line 18
[23-Dec-2016 13:51:15 UTC] PHP Notice:  Undefined offset: 12 in /home/ubuntu/workspace/pset8/bin/import on line 18
[23-Dec-2016 13:51:15 UTC] PHP Fatal error:  Too few placeholders in query in /home/ubuntu/workspace/pset8/vendor/library50-php-5/CS50/CS50.php on line 331
[23-Dec-2016 13:52:41 UTC] PHP Notice:  Undefined offset: 12 in /home/ubuntu/workspace/pset8/bin/import on line 18
[23-Dec-2016 13:52:41 UTC] PHP Fatal error:  Too few placeholders in query in /home/ubuntu/workspace/pset8/vendor/library50-php-5/CS50/CS50.php on line 331
[23-Dec-2016 15:10:15 UTC] PHP Notice:  Undefined offset: 12 in /home/ubuntu/workspace/pset8/bin/import on line 18
[23-Dec-2016 15:10:15 UTC] PHP Fatal error:  Too few placeholders in query in /home/ubuntu/workspace/pset8/vendor/library50-php-5/CS50/CS50.php on line 331
[23-Dec-2016 15:10:31 UTC] PHP Notice:  Undefined offset: 12 in /home/ubuntu/workspace/pset8/bin/import on line 18
[23-Dec-2016 15:10:31 UTC] PHP Fatal error:  Too few placeholders in query in /home/ubuntu/workspace/pset8/vendor/library50-php-5/CS50/CS50.php on line 331
[23-Dec-2016 15:12:46 UTC] PHP Fatal error:  Too few placeholders in query in /home/ubuntu/workspace/pset8/vendor/library50-php-5/CS50/CS50.php on line 331
[23-Dec-2016 15:14:40 UTC] PHP Fatal error:  Too few placeholders in query in /home/ubuntu/workspace/pset8/vendor/library50-php-5/CS50/CS50.php on line 331
[23-Dec-2016 15:14:43 UTC] PHP Fatal error:  Too few placeholders in query in /home/ubuntu/workspace/pset8/vendor/library50-php-5/CS50/CS50.php on line 331
[23-Dec-2016 15:17:46 UTC] PHP Fatal error:  Too few placeholders in query in /home/ubuntu/workspace/pset8/vendor/library50-php-5/CS50/CS50.php on line 331
[23-Dec-2016 15:19:05 UTC] PHP Fatal error:  Too few placeholders in query in /home/ubuntu/workspace/pset8/vendor/library50-php-5/CS50/CS50.php on line 331
[23-Dec-2016 15:39:28 UTC] PHP Notice:  Undefined variable: handle in /home/ubuntu/workspace/pset8/bin/import on line 19
[23-Dec-2016 15:39:28 UTC] PHP Warning:  fclose() expects parameter 1 to be resource, null given in /home/ubuntu/workspace/pset8/bin/import on line 19
[24-Dec-2016 08:51:21 UTC] PHP Fatal error:  Can't find FULLTEXT index matching the column list in /home/ubuntu/workspace/pset8/vendor/library50-php-5/CS50/CS50.php on line 352
[28-Dec-2016 16:43:34 UTC] PHP Fatal error:  You have an error in your SQL syntax; check the manual that corresponds to your MySQL server version for the right syntax to use near 'GROUP_BY country_code, place_name, admin_code1 ORDER BY RAND() LIMIT 10' at line 1 in /home/ubuntu/workspace/pset8/vendor/library50-php-5/CS50/CS50.php on line 352
[28-Dec-2016 16:43:37 UTC] PHP Fatal error:  You have an error in your SQL syntax; check the manual that corresponds to your MySQL server version for the right syntax to use near 'GROUP_BY country_code, place_name, admin_code1 ORDER BY RAND() LIMIT 10' at line 1 in /home/ubuntu/workspace/pset8/vendor/library50-php-5/CS50/CS50.php on line 352
[28-Dec-2016 16:43:39 UTC] PHP Fatal error:  You have an error in your SQL syntax; check the manual that corresponds to your MySQL server version for the right syntax to use near 'GROUP_BY country_code, place_name, admin_code1 ORDER BY RAND() LIMIT 10' at line 1 in /home/ubuntu/workspace/pset8/vendor/library50-php-5/CS50/CS50.php on line 352
[29-Dec-2016 11:51:01 UTC] PHP Fatal error:  You have an error in your SQL syntax; check the manual that corresponds to your MySQL server version for the right syntax to use near 'GROUP_BY country_code, place_name, admin_code1 ORDER BY RAND() LIMIT 10' at line 1 in /home/ubuntu/workspace/pset8/vendor/library50-php-5/CS50/CS50.php on line 352
[29-Dec-2016 11:51:26 UTC] PHP Fatal error:  You have an error in your SQL syntax; check the manual that corresponds to your MySQL server version for the right syntax to use near 'GROUP_BY country_code, place_name, admin_code1 ORDER BY RAND() LIMIT 10' at line 1 in /home/ubuntu/workspace/pset8/vendor/library50-php-5/CS50/CS50.php on line 352
[29-Dec-2016 11:51:26 UTC] PHP Fatal error:  You have an error in your SQL syntax; check the manual that corresponds to your MySQL server version for the right syntax to use near 'GROUP_BY country_code, place_name, admin_code1 ORDER BY RAND() LIMIT 10' at line 1 in /home/ubuntu/workspace/pset8/vendor/library50-php-5/CS50/CS50.php on line 352
[30-Dec-2016 11:49:50 UTC] PHP Fatal error:  You have an error in your SQL syntax; check the manual that corresponds to your MySQL server version for the right syntax to use near 'GROUP_BY country_code, place_name, admin_code1 ORDER BY RAND() LIMIT 10' at line 1 in /home/ubuntu/workspace/pset8/vendor/library50-php-5/CS50/CS50.php on line 352
[03-Jan-2017 16:51:48 UTC] PHP Fatal error:  SQLSTATE[HY000] [2002] Can't connect to local MySQL server through socket '/var/run/mysqld/mysqld.sock' (111) in /home/ubuntu/workspace/pset8/vendor/library50-php-5/CS50/CS50.php on line 313
[03-Jan-2017 16:52:45 UTC] PHP Fatal error:  SQLSTATE[HY000] [2002] Can't connect to local MySQL server through socket '/var/run/mysqld/mysqld.sock' (111) in /home/ubuntu/workspace/pset8/vendor/library50-php-5/CS50/CS50.php on line 313
[03-Jan-2017 16:52:45 UTC] PHP Fatal error:  SQLSTATE[HY000] [2002] Can't connect to local MySQL server through socket '/var/run/mysqld/mysqld.sock' (111) in /home/ubuntu/workspace/pset8/vendor/library50-php-5/CS50/CS50.php on line 313
[03-Jan-2017 16:52:45 UTC] PHP Fatal error:  SQLSTATE[HY000] [2002] Can't connect to local MySQL server through socket '/var/run/mysqld/mysqld.sock' (111) in /home/ubuntu/workspace/pset8/vendor/library50-php-5/CS50/CS50.php on line 313
[03-Jan-2017 16:52:45 UTC] PHP Fatal error:  SQLSTATE[HY000] [2002] Can't connect to local MySQL server through socket '/var/run/mysqld/mysqld.sock' (111) in /home/ubuntu/workspace/pset8/vendor/library50-php-5/CS50/CS50.php on line 313
[03-Jan-2017 16:52:46 UTC] PHP Fatal error:  SQLSTATE[HY000] [2002] Can't connect to local MySQL server through socket '/var/run/mysqld/mysqld.sock' (111) in /home/ubuntu/workspace/pset8/vendor/library50-php-5/CS50/CS50.php on line 313
[03-Jan-2017 16:52:46 UTC] PHP Fatal error:  SQLSTATE[HY000] [2002] Can't connect to local MySQL server through socket '/var/run/mysqld/mysqld.sock' (111) in /home/ubuntu/workspace/pset8/vendor/library50-php-5/CS50/CS50.php on line 313
[03-Jan-2017 16:52:47 UTC] PHP Fatal error:  SQLSTATE[HY000] [2002] Can't connect to local MySQL server through socket '/var/run/mysqld/mysqld.sock' (111) in /home/ubuntu/workspace/pset8/vendor/library50-php-5/CS50/CS50.php on line 313
[03-Jan-2017 16:52:48 UTC] PHP Fatal error:  SQLSTATE[HY000] [2002] Can't connect to local MySQL server through socket '/var/run/mysqld/mysqld.sock' (111) in /home/ubuntu/workspace/pset8/vendor/library50-php-5/CS50/CS50.php on line 313
[03-Jan-2017 16:52:48 UTC] PHP Fatal error:  SQLSTATE[HY000] [2002] Can't connect to local MySQL server through socket '/var/run/mysqld/mysqld.sock' (111) in /home/ubuntu/workspace/pset8/vendor/library50-php-5/CS50/CS50.php on line 313
[03-Jan-2017 16:52:48 UTC] PHP Fatal error:  SQLSTATE[HY000] [2002] Can't connect to local MySQL server through socket '/var/run/mysqld/mysqld.sock' (111) in /home/ubuntu/workspace/pset8/vendor/library50-php-5/CS50/CS50.php on line 313
[03-Jan-2017 16:52:48 UTC] PHP Fatal error:  SQLSTATE[HY000] [2002] Can't connect to local MySQL server through socket '/var/run/mysqld/mysqld.sock' (111) in /home/ubuntu/workspace/pset8/vendor/library50-php-5/CS50/CS50.php on line 313
[03-Jan-2017 16:52:52 UTC] PHP Fatal error:  SQLSTATE[HY000] [2002] Can't connect to local MySQL server through socket '/var/run/mysqld/mysqld.sock' (111) in /home/ubuntu/workspace/pset8/vendor/library50-php-5/CS50/CS50.php on line 313
[03-Jan-2017 16:52:53 UTC] PHP Fatal error:  SQLSTATE[HY000] [2002] Can't connect to local MySQL server through socket '/var/run/mysqld/mysqld.sock' (111) in /home/ubuntu/workspace/pset8/vendor/library50-php-5/CS50/CS50.php on line 313
[03-Jan-2017 16:52:53 UTC] PHP Fatal error:  SQLSTATE[HY000] [2002] Can't connect to local MySQL server through socket '/var/run/mysqld/mysqld.sock' (111) in /home/ubuntu/workspace/pset8/vendor/library50-php-5/CS50/CS50.php on line 313
[03-Jan-2017 16:52:53 UTC] PHP Fatal error:  SQLSTATE[HY000] [2002] Can't connect to local MySQL server through socket '/var/run/mysqld/mysqld.sock' (111) in /home/ubuntu/workspace/pset8/vendor/library50-php-5/CS50/CS50.php on line 313
[03-Jan-2017 16:52:53 UTC] PHP Fatal error:  SQLSTATE[HY000] [2002] Can't connect to local MySQL server through socket '/var/run/mysqld/mysqld.sock' (111) in /home/ubuntu/workspace/pset8/vendor/library50-php-5/CS50/CS50.php on line 313
[03-Jan-2017 16:52:53 UTC] PHP Fatal error:  SQLSTATE[HY000] [2002] Can't connect to local MySQL server through socket '/var/run/mysqld/mysqld.sock' (111) in /home/ubuntu/workspace/pset8/vendor/library50-php-5/CS50/CS50.php on line 313
[03-Jan-2017 16:52:54 UTC] PHP Fatal error:  SQLSTATE[HY000] [2002] Can't connect to local MySQL server through socket '/var/run/mysqld/mysqld.sock' (111) in /home/ubuntu/workspace/pset8/vendor/library50-php-5/CS50/CS50.php on line 313
[03-Jan-2017 16:52:54 UTC] PHP Fatal error:  SQLSTATE[HY000] [2002] Can't connect to local MySQL server through socket '/var/run/mysqld/mysqld.sock' (111) in /home/ubuntu/workspace/pset8/vendor/library50-php-5/CS50/CS50.php on line 313
[03-Jan-2017 16:52:54 UTC] PHP Fatal error:  SQLSTATE[HY000] [2002] Can't connect to local MySQL server through socket '/var/run/mysqld/mysqld.sock' (111) in /home/ubuntu/workspace/pset8/vendor/library50-php-5/CS50/CS50.php on line 313
[03-Jan-2017 16:52:54 UTC] PHP Fatal error:  SQLSTATE[HY000] [2002] Can't connect to local MySQL server through socket '/var/run/mysqld/mysqld.sock' (111) in /home/ubuntu/workspace/pset8/vendor/library50-php-5/CS50/CS50.php on line 313
[03-Jan-2017 16:52:58 UTC] PHP Fatal error:  SQLSTATE[HY000] [2002] Can't connect to local MySQL server through socket '/var/run/mysqld/mysqld.sock' (111) in /home/ubuntu/workspace/pset8/vendor/library50-php-5/CS50/CS50.php on line 313
[03-Jan-2017 16:52:58 UTC] PHP Fatal error:  SQLSTATE[HY000] [2002] Can't connect to local MySQL server through socket '/var/run/mysqld/mysqld.sock' (111) in /home/ubuntu/workspace/pset8/vendor/library50-php-5/CS50/CS50.php on line 313
[03-Jan-2017 16:52:58 UTC] PHP Fatal error:  SQLSTATE[HY000] [2002] Can't connect to local MySQL server through socket '/var/run/mysqld/mysqld.sock' (111) in /home/ubuntu/workspace/pset8/vendor/library50-php-5/CS50/CS50.php on line 313
[03-Jan-2017 16:52:59 UTC] PHP Fatal error:  SQLSTATE[HY000] [2002] Can't connect to local MySQL server through socket '/var/run/mysqld/mysqld.sock' (111) in /home/ubuntu/workspace/pset8/vendor/library50-php-5/CS50/CS50.php on line 313
[03-Jan-2017 16:52:59 UTC] PHP Fatal error:  SQLSTATE[HY000] [2002] Can't connect to local MySQL server through socket '/var/run/mysqld/mysqld.sock' (111) in /home/ubuntu/workspace/pset8/vendor/library50-php-5/CS50/CS50.php on line 313
[03-Jan-2017 16:53:00 UTC] PHP Fatal error:  SQLSTATE[HY000] [2002] Can't connect to local MySQL server through socket '/var/run/mysqld/mysqld.sock' (111) in /home/ubuntu/workspace/pset8/vendor/library50-php-5/CS50/CS50.php on line 313
[03-Jan-2017 16:53:00 UTC] PHP Fatal error:  SQLSTATE[HY000] [2002] Can't connect to local MySQL server through socket '/var/run/mysqld/mysqld.sock' (111) in /home/ubuntu/workspace/pset8/vendor/library50-php-5/CS50/CS50.php on line 313
[03-Jan-2017 16:53:00 UTC] PHP Fatal error:  SQLSTATE[HY000] [2002] Can't connect to local MySQL server through socket '/var/run/mysqld/mysqld.sock' (111) in /home/ubuntu/workspace/pset8/vendor/library50-php-5/CS50/CS50.php on line 313
[03-Jan-2017 16:53:04 UTC] PHP Fatal error:  SQLSTATE[HY000] [2002] Can't connect to local MySQL server through socket '/var/run/mysqld/mysqld.sock' (111) in /home/ubuntu/workspace/pset8/vendor/library50-php-5/CS50/CS50.php on line 313
[03-Jan-2017 16:53:04 UTC] PHP Fatal error:  SQLSTATE[HY000] [2002] Can't connect to local MySQL server through socket '/var/run/mysqld/mysqld.sock' (111) in /home/ubuntu/workspace/pset8/vendor/library50-php-5/CS50/CS50.php on line 313
[03-Jan-2017 16:53:04 UTC] PHP Fatal error:  SQLSTATE[HY000] [2002] Can't connect to local MySQL server through socket '/var/run/mysqld/mysqld.sock' (111) in /home/ubuntu/workspace/pset8/vendor/library50-php-5/CS50/CS50.php on line 313
[03-Jan-2017 16:53:05 UTC] PHP Fatal error:  SQLSTATE[HY000] [2002] Can't connect to local MySQL server through socket '/var/run/mysqld/mysqld.sock' (111) in /home/ubuntu/workspace/pset8/vendor/library50-php-5/CS50/CS50.php on line 313
[03-Jan-2017 16:53:05 UTC] PHP Fatal error:  SQLSTATE[HY000] [2002] Can't connect to local MySQL server through socket '/var/run/mysqld/mysqld.sock' (111) in /home/ubuntu/workspace/pset8/vendor/library50-php-5/CS50/CS50.php on line 313
[03-Jan-2017 16:53:11 UTC] PHP Fatal error:  SQLSTATE[HY000] [2002] Can't connect to local MySQL server through socket '/var/run/mysqld/mysqld.sock' (111) in /home/ubuntu/workspace/pset8/vendor/library50-php-5/CS50/CS50.php on line 313
[03-Jan-2017 16:53:11 UTC] PHP Fatal error:  SQLSTATE[HY000] [2002] Can't connect to local MySQL server through socket '/var/run/mysqld/mysqld.sock' (111) in /home/ubuntu/workspace/pset8/vendor/library50-php-5/CS50/CS50.php on line 313
[03-Jan-2017 16:53:11 UTC] PHP Fatal error:  SQLSTATE[HY000] [2002] Can't connect to local MySQL server through socket '/var/run/mysqld/mysqld.sock' (111) in /home/ubuntu/workspace/pset8/vendor/library50-php-5/CS50/CS50.php on line 313
[03-Jan-2017 16:53:15 UTC] PHP Fatal error:  SQLSTATE[HY000] [2002] Can't connect to local MySQL server through socket '/var/run/mysqld/mysqld.sock' (111) in /home/ubuntu/workspace/pset8/vendor/library50-php-5/CS50/CS50.php on line 313
[03-Jan-2017 16:53:16 UTC] PHP Fatal error:  SQLSTATE[HY000] [2002] Can't connect to local MySQL server through socket '/var/run/mysqld/mysqld.sock' (111) in /home/ubuntu/workspace/pset8/vendor/library50-php-5/CS50/CS50.php on line 313
[03-Jan-2017 16:53:16 UTC] PHP Fatal error:  SQLSTATE[HY000] [2002] Can't connect to local MySQL server through socket '/var/run/mysqld/mysqld.sock' (111) in /home/ubuntu/workspace/pset8/vendor/library50-php-5/CS50/CS50.php on line 313
[03-Jan-2017 16:53:17 UTC] PHP Fatal error:  SQLSTATE[HY000] [2002] Can't connect to local MySQL server through socket '/var/run/mysqld/mysqld.sock' (111) in /home/ubuntu/workspace/pset8/vendor/library50-php-5/CS50/CS50.php on line 313
[03-Jan-2017 16:53:17 UTC] PHP Fatal error:  SQLSTATE[HY000] [2002] Can't connect to local MySQL server through socket '/var/run/mysqld/mysqld.sock' (111) in /home/ubuntu/workspace/pset8/vendor/library50-php-5/CS50/CS50.php on line 313
[03-Jan-2017 16:53:17 UTC] PHP Fatal error:  SQLSTATE[HY000] [2002] Can't connect to local MySQL server through socket '/var/run/mysqld/mysqld.sock' (111) in /home/ubuntu/workspace/pset8/vendor/library50-php-5/CS50/CS50.php on line 313
[03-Jan-2017 16:53:17 UTC] PHP Fatal error:  SQLSTATE[HY000] [2002] Can't connect to local MySQL server through socket '/var/run/mysqld/mysqld.sock' (111) in /home/ubuntu/workspace/pset8/vendor/library50-php-5/CS50/CS50.php on line 313
[03-Jan-2017 16:53:18 UTC] PHP Fatal error:  SQLSTATE[HY000] [2002] Can't connect to local MySQL server through socket '/var/run/mysqld/mysqld.sock' (111) in /home/ubuntu/workspace/pset8/vendor/library50-php-5/CS50/CS50.php on line 313
[03-Jan-2017 16:53:18 UTC] PHP Fatal error:  SQLSTATE[HY000] [2002] Can't connect to local MySQL server through socket '/var/run/mysqld/mysqld.sock' (111) in /home/ubuntu/workspace/pset8/vendor/library50-php-5/CS50/CS50.php on line 313
[03-Jan-2017 16:53:18 UTC] PHP Fatal error:  SQLSTATE[HY000] [2002] Can't connect to local MySQL server through socket '/var/run/mysqld/mysqld.sock' (111) in /home/ubuntu/workspace/pset8/vendor/library50-php-5/CS50/CS50.php on line 313
[03-Jan-2017 16:53:19 UTC] PHP Fatal error:  SQLSTATE[HY000] [2002] Can't connect to local MySQL server through socket '/var/run/mysqld/mysqld.sock' (111) in /home/ubuntu/workspace/pset8/vendor/library50-php-5/CS50/CS50.php on line 313
[03-Jan-2017 16:53:23 UTC] PHP Fatal error:  SQLSTATE[HY000] [2002] Can't connect to local MySQL server through socket '/var/run/mysqld/mysqld.sock' (111) in /home/ubuntu/workspace/pset8/vendor/library50-php-5/CS50/CS50.php on line 313
[03-Jan-2017 16:53:24 UTC] PHP Fatal error:  SQLSTATE[HY000] [2002] Can't connect to local MySQL server through socket '/var/run/mysqld/mysqld.sock' (111) in /home/ubuntu/workspace/pset8/vendor/library50-php-5/CS50/CS50.php on line 313
[03-Jan-2017 16:53:24 UTC] PHP Fatal error:  SQLSTATE[HY000] [2002] Can't connect to local MySQL server through socket '/var/run/mysqld/mysqld.sock' (111) in /home/ubuntu/workspace/pset8/vendor/library50-php-5/CS50/CS50.php on line 313
[03-Jan-2017 16:53:24 UTC] PHP Fatal error:  SQLSTATE[HY000] [2002] Can't connect to local MySQL server through socket '/var/run/mysqld/mysqld.sock' (111) in /home/ubuntu/workspace/pset8/vendor/library50-php-5/CS50/CS50.php on line 313
[03-Jan-2017 16:53:26 UTC] PHP Fatal error:  SQLSTATE[HY000] [2002] Can't connect to local MySQL server through socket '/var/run/mysqld/mysqld.sock' (111) in /home/ubuntu/workspace/pset8/vendor/library50-php-5/CS50/CS50.php on line 313
[03-Jan-2017 16:53:26 UTC] PHP Fatal error:  SQLSTATE[HY000] [2002] Can't connect to local MySQL server through socket '/var/run/mysqld/mysqld.sock' (111) in /home/ubuntu/workspace/pset8/vendor/library50-php-5/CS50/CS50.php on line 313
[03-Jan-2017 16:53:26 UTC] PHP Fatal error:  SQLSTATE[HY000] [2002] Can't connect to local MySQL server through socket '/var/run/mysqld/mysqld.sock' (111) in /home/ubuntu/workspace/pset8/vendor/library50-php-5/CS50/CS50.php on line 313
[03-Jan-2017 16:53:27 UTC] PHP Fatal error:  SQLSTATE[HY000] [2002] Can't connect to local MySQL server through socket '/var/run/mysqld/mysqld.sock' (111) in /home/ubuntu/workspace/pset8/vendor/library50-php-5/CS50/CS50.php on line 313
[03-Jan-2017 16:53:27 UTC] PHP Fatal error:  SQLSTATE[HY000] [2002] Can't connect to local MySQL server through socket '/var/run/mysqld/mysqld.sock' (111) in /home/ubuntu/workspace/pset8/vendor/library50-php-5/CS50/CS50.php on line 313
[03-Jan-2017 16:53:28 UTC] PHP Fatal error:  SQLSTATE[HY000] [2002] Can't connect to local MySQL server through socket '/var/run/mysqld/mysqld.sock' (111) in /home/ubuntu/workspace/pset8/vendor/library50-php-5/CS50/CS50.php on line 313
[03-Jan-2017 16:54:26 UTC] PHP Fatal error:  SQLSTATE[HY000] [2002] Can't connect to local MySQL server through socket '/var/run/mysqld/mysqld.sock' (111) in /home/ubuntu/workspace/pset8/vendor/library50-php-5/CS50/CS50.php on line 313
[03-Jan-2017 16:54:33 UTC] PHP Fatal error:  SQLSTATE[HY000] [2002] Can't connect to local MySQL server through socket '/var/run/mysqld/mysqld.sock' (111) in /home/ubuntu/workspace/pset8/vendor/library50-php-5/CS50/CS50.php on line 313
[03-Jan-2017 16:54:33 UTC] PHP Fatal error:  SQLSTATE[HY000] [2002] Can't connect to local MySQL server through socket '/var/run/mysqld/mysqld.sock' (111) in /home/ubuntu/workspace/pset8/vendor/library50-php-5/CS50/CS50.php on line 313
[03-Jan-2017 16:54:34 UTC] PHP Fatal error:  SQLSTATE[HY000] [2002] Can't connect to local MySQL server through socket '/var/run/mysqld/mysqld.sock' (111) in /home/ubuntu/workspace/pset8/vendor/library50-php-5/CS50/CS50.php on line 313
[03-Jan-2017 16:54:35 UTC] PHP Fatal error:  SQLSTATE[HY000] [2002] Can't connect to local MySQL server through socket '/var/run/mysqld/mysqld.sock' (111) in /home/ubuntu/workspace/pset8/vendor/library50-php-5/CS50/CS50.php on line 313
[03-Jan-2017 16:54:36 UTC] PHP Fatal error:  SQLSTATE[HY000] [2002] Can't connect to local MySQL server through socket '/var/run/mysqld/mysqld.sock' (111) in /home/ubuntu/workspace/pset8/vendor/library50-php-5/CS50/CS50.php on line 313
[03-Jan-2017 16:54:36 UTC] PHP Fatal error:  SQLSTATE[HY000] [2002] Can't connect to local MySQL server through socket '/var/run/mysqld/mysqld.sock' (111) in /home/ubuntu/workspace/pset8/vendor/library50-php-5/CS50/CS50.php on line 313
